<?xml version="1.0" encoding="UTF-8"?>
<!-- Generated by org.testng.reporters.JUnitXMLReporter -->
<testsuite ignored="0" hostname="Administrator" failures="0" tests="3" name="Test" time="0.062" errors="0" timestamp="2023-12-14T12:16:41 IST">
  <testcase classname="com.actitime.TestNG.CustomerModule1" name="creatCustomer" time="0.008"/>
  <testcase classname="com.actitime.TestNG.CustomerModule1" name="deleteCustomer" time="0.001"/>
  <testcase classname="com.actitime.TestNG.CustomerModule1" name="modifyCustomer" time="0.002"/>
</testsuite> <!-- Test -->
